<?xml version="1.0" encoding="UTF-8"?>
<!-- Generated by org.testng.reporters.JUnitReportReporter -->
<testsuite hostname="DESKTOP-L5AD8MT" name="Slava.GoogleTest" tests="1" failures="0" timestamp="3 Dec 2018 21:04:39 GMT" time="3.136" errors="0">
  <testcase name="openHomePage" time="3.136" classname="Slava.GoogleTest"/>
</testsuite> <!-- Slava.GoogleTest -->
