<?xml version="1.0" encoding="UTF-8"?>
<!-- Generated by org.testng.reporters.JUnitReportReporter -->
<testsuite name="Slava.GoogleTest" tests="1" time="2.817" ignored="1" failures="0" timestamp="06 янв 2019 12:43:17 GMT" skipped="0" hostname="DESKTOP-L5AD8MT" errors="0">
  <testcase name="openHomePage" time="2.817" classname="Slava.GoogleTest"/>
  <testcase name="openHomePageFail" classname="Slava.GoogleTest">
    <skipped/>
  </testcase> <!-- openHomePageFail -->
</testsuite> <!-- Slava.GoogleTest -->
