<?xml version="1.0" encoding="UTF-8"?>
<!-- Generated by org.testng.reporters.JUnitReportReporter -->
<testsuite name="Slava.GoogleTest" tests="1" time="1.868" ignored="1" failures="0" timestamp="16 дек 2018 14:57:28 GMT" skipped="0" hostname="DESKTOP-L5AD8MT" errors="0">
  <testcase name="openHomePage" time="1.868" classname="Slava.GoogleTest"/>
  <testcase name="openHomePageFail" classname="Slava.GoogleTest">
    <skipped/>
  </testcase> <!-- openHomePageFail -->
</testsuite> <!-- Slava.GoogleTest -->
